[debug] [2021-10-25T22:49:09.173Z] ----------------------------------------------------------------------
[debug] [2021-10-25T22:49:09.175Z] Command:       C:\Program Files\nodejs\node.exe C:\Users\dodid\AppData\Roaming\npm\node_modules\firebase-tools\lib\bin\firebase.js deploy
[debug] [2021-10-25T22:49:09.175Z] CLI Version:   9.19.0
[debug] [2021-10-25T22:49:09.176Z] Platform:      win32
[debug] [2021-10-25T22:49:09.176Z] Node Version:  v14.17.0
[debug] [2021-10-25T22:49:09.176Z] Time:          Mon Oct 25 2021 19:49:09 GMT-0300 (Brasilia Standard Time)
[debug] [2021-10-25T22:49:09.177Z] ----------------------------------------------------------------------
[debug] 
[debug] [2021-10-25T22:49:09.223Z] > command requires scopes: ["email","openid","https://www.googleapis.com/auth/cloudplatformprojects.readonly","https://www.googleapis.com/auth/firebase","https://www.googleapis.com/auth/cloud-platform"]
[debug] [2021-10-25T22:49:09.223Z] > authorizing via signed-in user (handomizando@gmail.com)
[debug] [2021-10-25T22:49:09.223Z] [iam] checking project drink0-dev for permissions ["firebase.projects.get","firebasehosting.sites.update"]
[debug] [2021-10-25T22:49:09.226Z] >>> HTTP REQUEST POST https://cloudresourcemanager.googleapis.com/v1/projects/drink0-dev:testIamPermissions  
 {"permissions":["firebase.projects.get","firebasehosting.sites.update"]}
[debug] [2021-10-25T22:49:11.124Z] <<< HTTP RESPONSE 200 {"content-type":"application/json; charset=UTF-8","vary":"X-Origin, Referer, Origin,Accept-Encoding","date":"Mon, 25 Oct 2021 22:52:33 GMT","server":"ESF","cache-control":"private","x-xss-protection":"0","x-frame-options":"SAMEORIGIN","x-content-type-options":"nosniff","server-timing":"gfet4t7; dur=734","alt-svc":"h3=\":443\"; ma=2592000,h3-29=\":443\"; ma=2592000,h3-Q050=\":443\"; ma=2592000,h3-Q046=\":443\"; ma=2592000,h3-Q043=\":443\"; ma=2592000","accept-ranges":"none","transfer-encoding":"chunked"}
[debug] [2021-10-25T22:49:11.126Z] > refreshing access token with scopes: []
[debug] [2021-10-25T22:49:11.126Z] >>> HTTP REQUEST POST https://www.googleapis.com/oauth2/v3/token  
 <request body omitted>
[debug] [2021-10-25T22:49:11.392Z] <<< HTTP RESPONSE 200 {"pragma":"no-cache","cache-control":"no-cache, no-store, max-age=0, must-revalidate","expires":"Mon, 01 Jan 1990 00:00:00 GMT","date":"Mon, 25 Oct 2021 22:52:33 GMT","content-type":"application/json; charset=utf-8","vary":"X-Origin, Referer, Origin,Accept-Encoding","server":"scaffolding on HTTPServer2","x-xss-protection":"0","x-frame-options":"SAMEORIGIN","x-content-type-options":"nosniff","alt-svc":"h3=\":443\"; ma=2592000,h3-29=\":443\"; ma=2592000,h3-Q050=\":443\"; ma=2592000,h3-Q046=\":443\"; ma=2592000,h3-Q043=\":443\"; ma=2592000","accept-ranges":"none","transfer-encoding":"chunked"}
[debug] [2021-10-25T22:49:11.401Z] >>> [apiv2][query] GET https://firebase.googleapis.com/v1beta1/projects/drink0-dev [none]
[debug] [2021-10-25T22:49:27.446Z] <<< [apiv2][status] GET https://firebase.googleapis.com/v1beta1/projects/drink0-dev 503
[debug] [2021-10-25T22:49:27.446Z] <<< [apiv2][body] GET https://firebase.googleapis.com/v1beta1/projects/drink0-dev {"error":{"code":503,"message":"Deadline exceeded from RTDB Metadata Server.","status":"UNAVAILABLE"}}
[debug] [2021-10-25T22:49:27.447Z] HTTP Error: 503, Deadline exceeded from RTDB Metadata Server.
[debug] [2021-10-25T22:49:27.713Z] FirebaseError: HTTP Error: 503, Deadline exceeded from RTDB Metadata Server.
    at module.exports (C:\Users\dodid\AppData\Roaming\npm\node_modules\firebase-tools\lib\responseToError.js:38:12)
    at Client.doRequest (C:\Users\dodid\AppData\Roaming\npm\node_modules\firebase-tools\lib\apiv2.js:238:23)
    at processTicksAndRejections (internal/process/task_queues.js:95:5)
    at async Client.request (C:\Users\dodid\AppData\Roaming\npm\node_modules\firebase-tools\lib\apiv2.js:96:20)
    at async Object.getFirebaseProject (C:\Users\dodid\AppData\Roaming\npm\node_modules\firebase-tools\lib\management\projects.js:290:21)
    at async Object.getDefaultHostingSite (C:\Users\dodid\AppData\Roaming\npm\node_modules\firebase-tools\lib\getDefaultHostingSite.js:8:21)
    at async requireHostingSite (C:\Users\dodid\AppData\Roaming\npm\node_modules\firebase-tools\lib\requireHostingSite.js:9:18)
    at async Object.fn (C:\Users\dodid\AppData\Roaming\npm\node_modules\firebase-tools\lib\commands\deploy.js:65:9)
    at async C:\Users\dodid\AppData\Roaming\npm\node_modules\firebase-tools\lib\command.js:188:17
[error] 
[error] Error: Failed to get Firebase project drink0-dev. Please make sure the project exists and your account has permission to access it.
